2024-04-19 12:48:14: Error:
<urlopen error [Errno 111] Connection refused>2024-04-19 12:49:27: Error:
<urlopen error [Errno 111] Connection refused>2024-04-19 12:49:28: Error:
<urlopen error [Errno 111] Connection refused>2024-04-19 12:49:28: Error:
<urlopen error [Errno 111] Connection refused>2024-04-19 12:49:29: Error:
<urlopen error [Errno 111] Connection refused>2024-04-19 12:49:29: Error:
<urlopen error [Errno 111] Connection refused>2024-04-19 12:49:38: Error:
<urlopen error [Errno 111] Connection refused>
2024-04-19 12:49:54: Error:
<urlopen error [Errno 111] Connection refused>
2024-04-19 12:49:55: Error:
<urlopen error [Errno 111] Connection refused>
2024-04-19 12:49:55: Error:
<urlopen error [Errno 111] Connection refused>
2024-04-19 12:49:56: Error:
<urlopen error [Errno 111] Connection refused>
2024-04-19 12:49:56: Error:
<urlopen error [Errno 111] Connection refused>
2024-04-19 12:49:56: Error:
<urlopen error [Errno 111] Connection refused>
2024-04-19 12:50:40: Error send alarm:
<urlopen error [Errno 111] Connection refused>
2024-04-19 12:50:43: Error send alarm:
<urlopen error [Errno 111] Connection refused>
2024-04-19 12:50:44: Error send alarm:
<urlopen error [Errno 111] Connection refused>
2024-04-19 12:50:44: Error send alarm:
<urlopen error [Errno 111] Connection refused>
2024-04-19 13:06:32: Error send alarm:
<urlopen error [Errno 111] Connection refused>
2024-04-19 13:08:09: Error send alarm:
<urlopen error [Errno 111] Connection refused>
2024-04-19 13:08:11: Error send alarm:
<urlopen error [Errno 111] Connection refused>
2024-04-19 13:08:11: Error send alarm:
<urlopen error [Errno 111] Connection refused>
2024-04-19 13:08:12: Error send alarm:
<urlopen error [Errno 111] Connection refused>
2024-04-19 13:09:29: Error send alarm:
<urlopen error [Errno 111] Connection refused>
2024-04-19 13:15:36: Error send alarm:
<urlopen error [Errno 111] Connection refused>
2024-04-19 13:15:37: Error send alarm:
<urlopen error [Errno 111] Connection refused>
2024-04-19 13:15:37: Error send alarm:
<urlopen error [Errno 111] Connection refused>
2024-04-19 13:15:38: Error send alarm:
<urlopen error [Errno 111] Connection refused>
2024-04-19 13:15:41: Error send alarm:
<urlopen error [Errno 111] Connection refused>
2024-04-19 13:18:31: Error send alarm:
<urlopen error [Errno 111] Connection refused>
2024-04-19 13:22:19: Error send alarm:
<urlopen error [Errno 111] Connection refused>
2024-04-19 13:22:22: Error send alarm:
<urlopen error [Errno 111] Connection refused>
2024-04-19 13:22:45: Error send alarm: <urlopen error [Errno 111] Connection refused>
2024-04-19 13:22:46: Error send alarm: <urlopen error [Errno 111] Connection refused>
2024-04-19 13:22:46: Error send alarm: <urlopen error [Errno 111] Connection refused>
2024-04-19 13:22:47: Error send alarm: <urlopen error [Errno 111] Connection refused>
2024-04-19 19:51:54: Error send alarm: <urlopen error [Errno 111] Connection refused>
2024-04-19 19:51:55: Error send alarm: <urlopen error [Errno 111] Connection refused>
2024-04-19 19:51:55: Error send alarm: <urlopen error [Errno 111] Connection refused>
2024-04-19 19:51:56: Error send alarm: <urlopen error [Errno 111] Connection refused>
2024-04-19 19:56:44: Error send alarm: HTTP Error 308: PERMANENT REDIRECT
2024-04-19 19:56:47: Error send alarm: HTTP Error 308: PERMANENT REDIRECT
2024-04-19 19:56:48: Error send alarm: HTTP Error 308: PERMANENT REDIRECT
2024-04-19 19:56:49: Error send alarm: HTTP Error 308: PERMANENT REDIRECT
2024-04-19 19:56:50: Error send alarm: HTTP Error 308: PERMANENT REDIRECT
2024-04-19 19:56:51: Error send alarm: HTTP Error 308: PERMANENT REDIRECT
2024-04-19 19:56:51: Error send alarm: HTTP Error 308: PERMANENT REDIRECT
2024-04-19 19:57:33: Error send alarm: HTTP Error 308: PERMANENT REDIRECT
2024-04-19 19:57:33: Error send alarm: HTTP Error 308: PERMANENT REDIRECT
2024-04-19 19:57:34: Error send alarm: HTTP Error 308: PERMANENT REDIRECT
2024-04-19 19:57:34: Error send alarm: HTTP Error 308: PERMANENT REDIRECT
2024-04-19 19:57:34: Error send alarm: HTTP Error 308: PERMANENT REDIRECT
2024-04-19 19:57:35: Error send alarm: HTTP Error 308: PERMANENT REDIRECT
2024-04-19 19:57:36: Error send alarm: HTTP Error 308: PERMANENT REDIRECT
2024-04-19 19:57:36: Error send alarm: HTTP Error 308: PERMANENT REDIRECT
2024-04-19 19:57:36: Error send alarm: HTTP Error 308: PERMANENT REDIRECT
2024-04-19 19:57:55: Error send alarm: HTTP Error 415: UNSUPPORTED MEDIA TYPE
2024-04-19 19:58:02: Error send alarm: HTTP Error 415: UNSUPPORTED MEDIA TYPE
2024-04-19 19:58:03: Error send alarm: HTTP Error 415: UNSUPPORTED MEDIA TYPE
2024-04-19 19:58:03: Error send alarm: HTTP Error 415: UNSUPPORTED MEDIA TYPE
2024-04-19 19:58:04: Error send alarm: HTTP Error 415: UNSUPPORTED MEDIA TYPE
2024-04-19 19:58:04: Error send alarm: HTTP Error 415: UNSUPPORTED MEDIA TYPE
2024-04-19 19:58:15: Error send alarm: HTTP Error 308: PERMANENT REDIRECT
2024-04-19 19:58:35: Error send alarm: HTTP Error 308: PERMANENT REDIRECT
2024-04-19 19:58:36: Error send alarm: HTTP Error 308: PERMANENT REDIRECT
2024-04-19 19:58:37: Error send alarm: HTTP Error 308: PERMANENT REDIRECT
2024-04-19 19:58:44: Error send alarm: HTTP Error 308: PERMANENT REDIRECT
2024-04-19 19:58:45: Error send alarm: HTTP Error 308: PERMANENT REDIRECT
2024-04-19 19:58:46: Error send alarm: HTTP Error 308: PERMANENT REDIRECT
2024-04-19 19:58:46: Error send alarm: HTTP Error 308: PERMANENT REDIRECT
2024-04-19 19:58:46: Error send alarm: HTTP Error 308: PERMANENT REDIRECT
2024-04-19 19:58:47: Error send alarm: HTTP Error 308: PERMANENT REDIRECT
2024-04-19 19:58:47: Error send alarm: HTTP Error 308: PERMANENT REDIRECT
2024-04-19 20:01:55: Error send alarm: HTTP Error 308: PERMANENT REDIRECT
2024-04-19 20:01:56: Error send alarm: HTTP Error 308: PERMANENT REDIRECT
2024-04-19 20:01:56: Error send alarm: HTTP Error 308: PERMANENT REDIRECT
2024-04-19 20:01:57: Error send alarm: HTTP Error 308: PERMANENT REDIRECT
2024-04-19 20:02:44: Error send alarm: HTTP Error 308: PERMANENT REDIRECT
2024-04-19 20:02:49: Error send alarm: HTTP Error 308: PERMANENT REDIRECT
2024-04-19 20:03:53: Error send alarm: HTTP Error 415: UNSUPPORTED MEDIA TYPE
2024-04-19 20:05:21: Error send alarm: HTTP Error 415: UNSUPPORTED MEDIA TYPE
2024-04-19 20:07:42: Error send alarm: <urlopen error [Errno 111] Connection refused>
2024-04-19 20:07:42: Error send alarm: <urlopen error [Errno 111] Connection refused>
2024-04-19 20:07:43: Error send alarm: <urlopen error [Errno 111] Connection refused>
2024-04-19 20:07:50: Error send alarm: <urlopen error [Errno 111] Connection refused>
2024-04-19 20:07:50: Error send alarm: <urlopen error [Errno 111] Connection refused>
2024-04-19 20:07:50: Error send alarm: <urlopen error [Errno 111] Connection refused>
2024-04-19 20:07:51: Error send alarm: <urlopen error [Errno 111] Connection refused>
2024-04-19 20:07:51: Error send alarm: <urlopen error [Errno 111] Connection refused>
2024-04-19 20:07:51: Error send alarm: <urlopen error [Errno 111] Connection refused>
